<?xml version="1.0" encoding="UTF-8"?>
<!-- Generated by org.testng.reporters.JUnitReportReporter -->
<testsuite hostname="BLLGOPALREDDY" failures="0" tests="1" name="com.Getapcs.Trans.TEST.TEST_Create" time="9.565" errors="0" timestamp="2024-02-06T16:15:11 IST" skipped="0">
  <testcase classname="com.Getapcs.Trans.TEST.TEST_Create" name="verifySalesRFQEdit" time="9.565"/>
</testsuite> <!-- com.Getapcs.Trans.TEST.TEST_Create -->
